#
# There is insufficient memory for the Java Runtime Environment to continue.
# Native memory allocation (mmap) failed to map 134217728 bytes for Failed to commit area from 0x0000000081e00000 to 0x0000000089e00000 of length 134217728.
# Possible reasons:
#   The system is out of physical RAM or swap space
#   The process is running with CompressedOops enabled, and the Java Heap may be blocking the growth of the native heap
# Possible solutions:
#   Reduce memory load on the system
#   Increase physical memory or swap space
#   Check if swap backing store is full
#   Decrease Java heap size (-Xmx/-Xms)
#   Decrease number of Java threads
#   Decrease Java thread stack sizes (-Xss)
#   Set larger code cache with -XX:ReservedCodeCacheSize=
# This output file may be truncated or incomplete.
#
#  Out of Memory Error (c:/workspace/9-2-build-windows-amd64-cygwin-phase2/jdk9/6725/hotspot/src/os/windows/vm/os_windows.cpp:3357), pid=276, tid=8176
#
# JRE version:  (9.0+181) (build )
# Java VM: Java HotSpot(TM) 64-Bit Server VM (9+181, mixed mode, tiered, compressed oops, g1 gc, windows-amd64)
# No core dump will be written. Minidumps are not enabled by default on client versions of Windows
#

---------------  S U M M A R Y ------------

Command Line: -Dorg.gradle.appname=gradlew org.gradle.wrapper.GradleWrapperMain installDebug

Host: Intel(R) Pentium(R) CPU G4400 @ 3.30GHz, 2 cores, 7G,  Windows 8.1 , 64 bit Build 9600 (6.3.9600.17415)
Time: Tue Apr 10 14:40:01 2018 Türkiye Standart Saati elapsed time: 0 seconds (0d 0h 0m 0s)

---------------  T H R E A D  ---------------

Current thread (0x000000e6503a3000):  JavaThread "Unknown thread" [_thread_in_vm, id=8176, stack(0x000000e651bb0000,0x000000e651cb0000)]

Stack: [0x000000e651bb0000,0x000000e651cb0000]
Native frames: (J=compiled Java code, j=interpreted, Vv=VM code, C=native code)
V  [jvm.dll+0x587108]
V  [jvm.dll+0x69c14e]
V  [jvm.dll+0x69d06a]
V  [jvm.dll+0x69d6a3]
V  [jvm.dll+0x21d3f8]
V  [jvm.dll+0x584c34]
V  [jvm.dll+0x57a075]
V  [jvm.dll+0x2cd7eb]
V  [jvm.dll+0x2cd753]
V  [jvm.dll+0x2cd622]
V  [jvm.dll+0x2cf613]
V  [jvm.dll+0x319613]
V  [jvm.dll+0x319d26]
V  [jvm.dll+0x319713]
V  [jvm.dll+0x2ae028]
V  [jvm.dll+0x2af257]
V  [jvm.dll+0x67b29d]
V  [jvm.dll+0x67c66c]
V  [jvm.dll+0x326dc9]
V  [jvm.dll+0x6652be]
V  [jvm.dll+0x391b91]
V  [jvm.dll+0x393b41]
C  [java.exe+0x34f1]
C  [java.exe+0xe24f]
C  [java.exe+0xe3f6]
C  [KERNEL32.DLL+0x13d2]
C  [ntdll.dll+0x154f4]


---------------  P R O C E S S  ---------------

Java Threads: ( => current thread )

Other Threads:
  0x000000e6503bc800 GCTaskThread "GC Thread#0" [stack: 0x000000e66b5e0000,0x000000e66b6e0000] [id=2380]
  0x000000e6503bd800 GCTaskThread "GC Thread#1" [stack: 0x000000e66b6e0000,0x000000e66b7e0000] [id=4948]
  0x000000e65042e800 ConcurrentGCThread "G1 Main Marker" [stack: 0x000000e670cb0000,0x000000e670db0000] [id=8080]
  0x000000e650432000 ConcurrentGCThread "G1 Marker#0" [stack: 0x000000e670db0000,0x000000e670eb0000] [id=7044]
  0x000000e6503c3000 ConcurrentGCThread "G1 Refine#0" [stack: 0x000000e66bb00000,0x000000e66bc00000] [id=444]
  0x000000e6503c1000 ConcurrentGCThread "G1 Refine#1" [stack: 0x000000e66ba00000,0x000000e66bb00000] [id=6044]
  0x000000e6503c4800 ConcurrentGCThread "G1 Young RemSet Sampling" [stack: 0x000000e66bc00000,0x000000e66bd00000] [id=4932]

=>0x000000e6503a3000 (exited) JavaThread "Unknown thread" [_thread_in_vm, id=8176, stack(0x000000e651bb0000,0x000000e651cb0000)]

Threads with active compile tasks:

VM state:not at safepoint (not fully initialized)

VM Mutex/Monitor currently owned by a thread:  ([mutex/lock_event])
[0x000000e6503a1370] Heap_lock - owner thread: 0x000000e6503a3000

Heap address: 0x0000000081e00000, size: 2018 MB, Compressed Oops mode: Non-zero based: 0x0000000081e00000
Narrow klass base: 0x0000000000000000, Narrow klass shift: 0

GC Heap History (0 events):
No events

Deoptimization events (0 events):
No events

Classes redefined (0 events):
No events

Internal exceptions (0 events):
No events

Events (0 events):
No events


Dynamic libraries:
0x00007ff7643b0000 - 0x00007ff7643ee000 	C:\Program Files\Java\jdk-9\bin\java.exe
0x00007fffff1a0000 - 0x00007fffff34d000 	C:\Windows\SYSTEM32\ntdll.dll
0x00007ffffef90000 - 0x00007fffff0ce000 	C:\Windows\system32\KERNEL32.DLL
0x00007ffffc630000 - 0x00007ffffc745000 	C:\Windows\system32\KERNELBASE.dll
0x00007ffffcf40000 - 0x00007ffffcfea000 	C:\Windows\system32\ADVAPI32.dll
0x00007ffffcce0000 - 0x00007ffffce57000 	C:\Windows\system32\USER32.dll
0x00007ffff9e10000 - 0x00007ffffa08b000 	C:\Windows\WinSxS\amd64_microsoft.windows.common-controls_6595b64144ccf1df_6.0.9600.18006_none_623f33d3ecbe86e8\COMCTL32.dll
0x00007ffff80a0000 - 0x00007ffff80aa000 	C:\Windows\SYSTEM32\VERSION.dll
0x00007ffffd730000 - 0x00007ffffd7da000 	C:\Windows\system32\msvcrt.dll
0x00007ffffef30000 - 0x00007ffffef89000 	C:\Windows\SYSTEM32\sechost.dll
0x00007ffffd220000 - 0x00007ffffd360000 	C:\Windows\system32\RPCRT4.dll
0x00007ffffc8e0000 - 0x00007ffffca2b000 	C:\Windows\system32\GDI32.dll
0x00007ffffc750000 - 0x00007ffffc77e000 	C:\Windows\system32\SspiCli.dll
0x00007ffffc830000 - 0x00007ffffc866000 	C:\Windows\system32\IMM32.DLL
0x00007ffffd0c0000 - 0x00007ffffd211000 	C:\Windows\system32\MSCTF.dll
0x00007fffd1210000 - 0x00007fffd12ff000 	C:\Program Files\Java\jdk-9\bin\msvcr120.dll
0x00007fffd1160000 - 0x00007fffd1206000 	C:\Program Files\Java\jdk-9\bin\msvcp120.dll
0x000000005c230000 - 0x000000005cc5a000 	C:\Program Files\Java\jdk-9\bin\server\jvm.dll
0x00007ffff4fd0000 - 0x00007ffff4fd9000 	C:\Windows\SYSTEM32\WSOCK32.dll
0x00007ffff1cc0000 - 0x00007ffff1ce2000 	C:\Windows\SYSTEM32\WINMM.dll
0x00007fffff0d0000 - 0x00007fffff0d7000 	C:\Windows\system32\PSAPI.DLL
0x00007ffffcc80000 - 0x00007ffffccda000 	C:\Windows\system32\WS2_32.dll
0x00007ffff1c50000 - 0x00007ffff1c7a000 	C:\Windows\SYSTEM32\WINMMBASE.dll
0x00007ffffcc70000 - 0x00007ffffcc79000 	C:\Windows\system32\NSI.dll
0x00007ffffc5e0000 - 0x00007ffffc62f000 	C:\Windows\SYSTEM32\cfgmgr32.dll
0x00007ffffb0e0000 - 0x00007ffffb108000 	C:\Windows\SYSTEM32\DEVOBJ.dll
0x00007fffeff50000 - 0x00007fffeff5f000 	C:\Program Files\Java\jdk-9\bin\verify.dll
0x00007fffdd710000 - 0x00007fffdd737000 	C:\Program Files\Java\jdk-9\bin\java.dll
0x00007fffee480000 - 0x00007fffee496000 	C:\Program Files\Java\jdk-9\bin\zip.dll
0x00007fffefef0000 - 0x00007fffefefa000 	C:\Program Files\Java\jdk-9\bin\jimage.dll
0x00007fffce5c0000 - 0x00007fffce749000 	C:\Windows\SYSTEM32\dbghelp.dll

VM Arguments:
jvm_args: -Dorg.gradle.appname=gradlew 
java_command: org.gradle.wrapper.GradleWrapperMain installDebug
java_class_path (initial): C:\Users\satjyera\Desktop\React Native\search3\android\\gradle\wrapper\gradle-wrapper.jar
Launcher Type: SUN_STANDARD

Logging:
Log output configuration:
#0: stdout all=warning uptime,level,tags
#1: stderr all=off uptime,level,tags

Environment Variables:
JAVA_HOME=C:\Program Files\Java\jdk-9\
CLASSPATH=C:\Users\satjyera\Desktop\React Native\search3\android\\gradle\wrapper\gradle-wrapper.jar
PATH=C:\ProgramData\Oracle\Java\javapath;C:\Windows\system32;C:\Windows;C:\Windows\System32\Wbem;C:\Windows\System32\WindowsPowerShell\v1.0\;c:\Program Files (x86)\Microsoft SQL Server\100\Tools\Binn\VSShell\Common7\IDE\;c:\Program Files (x86)\Microsoft SQL Server\100\Tools\Binn\;c:\Program Files\Microsoft SQL Server\100\Tools\Binn\;c:\Program Files (x86)\Microsoft SQL Server\100\DTS\Binn\;C:\Program Files\Java\jdk-9\bin\;C:\Program Files\nodejs\;C:\Program Files\Microsoft SQL Server\Client SDK\ODBC\130\Tools\Binn\;C:\Program Files (x86)\Microsoft SQL Server\140\Tools\Binn\;C:\Program Files\Microsoft SQL Server\140\Tools\Binn\;C:\Program Files\Microsoft SQL Server\140\DTS\Binn\;c:\Program Files (x86)\Microsoft SQL Server\110\Tools\Binn\;c:\Program Files\Microsoft SQL Server\110\Tools\Binn\;c:\Program Files\Microsoft SQL Server\110\DTS\Binn\;c:\Program Files (x86)\Microsoft SQL Server\110\Tools\Binn\ManagementStudio\;c:\Program Files (x86)\Microsoft SQL Server\110\DTS\Binn\;C:\Program Files (x86)\Microsoft SQL Server\Client SDK\ODBC\130\Tools\Binn\;C:\Program Files (x86)\Microsoft SQL Server\140\DTS\Binn\;C:\Program Files (x86)\Microsoft SQL Server\140\Tools\Binn\ManagementStudio\;C:\Program Files\Git\cmd;C:\Program Files (x86)\Notepad++;C:\Program Files\PuTTY\;C:\Users\satjyera\AppData\Local\Programs\Python\Python36-32\Scripts\;C:\Users\satjyera\AppData\Local\Programs\Python\Python36-32\;C:\Users\satjyera\AppData\Roaming\npm;C:\Users\satjyera\AppData\Local\atom\bin;C:\Users\satjyera\AppData\Local\GitHubDesktop\bin;C:\Program Files\Microsoft VS Code\bin
USERNAME=satjyera
OS=Windows_NT
PROCESSOR_IDENTIFIER=Intel64 Family 6 Model 94 Stepping 3, GenuineIntel



---------------  S Y S T E M  ---------------

OS: Windows 8.1 , 64 bit Build 9600 (6.3.9600.17415)

CPU:total 2 (initial active 2) (2 cores per cpu, 1 threads per core) family 6 model 94 stepping 3, cmov, cx8, fxsr, mmx, sse, sse2, sse3, ssse3, sse4.1, sse4.2, popcnt, aes, clmul, erms, 3dnowpref, lzcnt, tsc, tscinvbit

Memory: 4k page, physical 8257728k(670140k free), swap 11403456k(79180k free)

vm_info: Java HotSpot(TM) 64-Bit Server VM (9+181) for windows-amd64 JRE (9+181), built on Aug  2 2017 21:30:51 by "javare" with MS VC++ 12.0 (VS2013)

END.
